
> kpi-dashboard@0.1.0 build
> next build

 ⚠ Warning: Next.js inferred your workspace root, but it may not be correct.
 We detected multiple lockfiles and selected the directory of D:\email_marketing_automation_dashboard\package-lock.json as the root directory.
 To silence this warning, set `outputFileTracingRoot` in your Next.js config, or consider removing one of the lockfiles if it's not needed.
   See https://nextjs.org/docs/app/api-reference/config/next-config-js/output#caveats for more information.
 Detected additional lockfiles: 
   * D:\email_marketing_automation_dashboard\frontend\package-lock.json

   ▲ Next.js 15.5.9
   - Environments: .env.local

   Creating an optimized production build ...
<w> [webpack.cache.PackFileCacheStrategy] Skipped not serializable cache item 'Compilation/modules|javascript/auto|D:\email_marketing_automation_dashboard\frontend\node_modules\next\dist\build\webpack\loaders\next-flight-css-loader.js??ruleSet[1].rules[14].oneOf[5].use[0]!D:\email_marketing_automation_dashboard\frontend\node_modules\next\dist\build\webpack\loaders\css-loader\src\index.js??ruleSet[1].rules[14].oneOf[5].use[1]!D:\email_marketing_automation_dashboard\frontend\node_modules\next\dist\build\webpack\loaders\postcss-loader\src\index.js??ruleSet[1].rules[14].oneOf[5].use[2]!D:\email_marketing_automation_dashboard\frontend\features\Landing\landingPage.module.css|ssr': No serializer registered for CssSyntaxError
<w> while serializing webpack/lib/cache/PackFileCacheStrategy.PackContentItems -> webpack/lib/NormalModule -> webpack/lib/ModuleBuildError -> CssSyntaxError
Failed to compile.

./features/Landing/landingPage.module.css:9:1
Syntax error: Selector "html" is not pure (pure selectors must contain at least one local class or id)

 [90m  7 | [39m
 [90m  8 | [39m[90m/* Smooth scroll behavior */[39m
[1m[31m>[39m[22m[90m  9 | [39mhtml [33m{[39m
 [90m    | [39m[1m[31m^[39m[22m
 [90m 10 | [39m  scroll-behavior[33m:[39m smooth[33m;[39m
 [90m 11 | [39m[33m}[39m


> Build failed because of webpack errors
