
> kpi-dashboard@0.1.0 build
> next build

 ⚠ Warning: Next.js inferred your workspace root, but it may not be correct.
 We detected multiple lockfiles and selected the directory of D:\email_marketing_automation_dashboard\package-lock.json as the root directory.
 To silence this warning, set `outputFileTracingRoot` in your Next.js config, or consider removing one of the lockfiles if it's not needed.
   See https://nextjs.org/docs/app/api-reference/config/next-config-js/output#caveats for more information.
 Detected additional lockfiles: 
   * D:\email_marketing_automation_dashboard\frontend\package-lock.json

   ▲ Next.js 15.5.9
   - Environments: .env.local, .env

   Creating an optimized production build ...
 ✓ Compiled successfully in 9.3s
   Skipping linting
   Checking validity of types ...
   Collecting page data ...
ReferenceError: Cannot access 'f' before initialization
    at new d (D:\email_marketing_automation_dashboard\frontend\.next\server\chunks\905.js:1:9529)
    at 93063 (D:\email_marketing_automation_dashboard\frontend\.next\server\chunks\905.js:1:9549)
    at c (D:\email_marketing_automation_dashboard\frontend\.next\server\webpack-runtime.js:1:142)
    at <unknown> (D:\email_marketing_automation_dashboard\frontend\.next\server\app\api\dashboard\metrics\email-engagement\route.js:1:1004)
    at c.a (D:\email_marketing_automation_dashboard\frontend\.next\server\webpack-runtime.js:1:700)
    at 65257 (D:\email_marketing_automation_dashboard\frontend\.next\server\app\api\dashboard\metrics\email-engagement\route.js:1:915)
    at c (D:\email_marketing_automation_dashboard\frontend\.next\server\webpack-runtime.js:1:142)
    at <unknown> (D:\email_marketing_automation_dashboard\frontend\.next\server\app\api\dashboard\metrics\email-engagement\route.js:1:1689)
    at c.a (D:\email_marketing_automation_dashboard\frontend\.next\server\webpack-runtime.js:1:700)
    at 85743 (D:\email_marketing_automation_dashboard\frontend\.next\server\app\api\dashboard\metrics\email-engagement\route.js:1:1358)

> Build error occurred
[Error: Failed to collect page data for /api/dashboard/metrics/email-engagement] {
  type: 'Error'
}
